Found total gpus 4
2023-07-22 19:53:19,616 - Added key: store_based_barrier_key:1 to store for rank: 3
2023-07-22 19:53:20,302 - Added key: store_based_barrier_key:1 to store for rank: 2
2023-07-22 19:53:20,337 - Added key: store_based_barrier_key:1 to store for rank: 0
2023-07-22 19:53:20,337 - Added key: store_based_barrier_key:1 to store for rank: 1
2023-07-22 19:53:20,337 - Rank 1: Completed store-based barrier for key:store_based_barrier_key:1 with 4 nodes.
2023-07-22 19:53:20,343 - Rank 2: Completed store-based barrier for key:store_based_barrier_key:1 with 4 nodes.
2023-07-22 19:53:20,347 - Rank 3: Completed store-based barrier for key:store_based_barrier_key:1 with 4 nodes.
2023-07-22 19:53:20,347 - Rank 0: Completed store-based barrier for key:store_based_barrier_key:1 with 4 nodes.
0  gpu 0
Batch size is: 1 epochs 30
image size is:
128 128 128
Total parameters count 62191941
Writing Tensorboard logs to  ./runs/rio_128_epoch_30
0 Sat Jul 22 19:53:26 2023 Epoch: 0
2  gpu 2
image size is:
128 128 128
Total parameters count 62191941
2 Sat Jul 22 19:53:26 2023 Epoch: 0
3  gpu 3
image size is:
128 128 128
Total parameters count 62191941
3 Sat Jul 22 19:53:26 2023 Epoch: 0
1  gpu 1
image size is:
128 128 128
Total parameters count 62191941
1 Sat Jul 22 19:53:26 2023 Epoch: 0
Epoch 0/30 0/250 loss: 0.9832 time 37.14s
2023-07-22 19:54:03,800 - Reducer buckets have been rebuilt in this iteration.
2023-07-22 19:54:03,805 - Reducer buckets have been rebuilt in this iteration.
2023-07-22 19:54:03,805 - Reducer buckets have been rebuilt in this iteration.
2023-07-22 19:54:03,805 - Reducer buckets have been rebuilt in this iteration.
3 Sat Jul 22 20:01:32 2023 Epoch: 1
1 Sat Jul 22 20:01:32 2023 Epoch: 1
2 Sat Jul 22 20:01:32 2023 Epoch: 1
Epoch 0/30 1/250 loss: 0.9779 time 1.70s
Epoch 0/30 2/250 loss: 0.9828 time 1.70s
Epoch 0/30 3/250 loss: 0.9811 time 1.73s
Epoch 0/30 4/250 loss: 0.9821 time 1.71s
Epoch 0/30 5/250 loss: 0.9821 time 1.72s
Epoch 0/30 6/250 loss: 0.9804 time 1.74s
Epoch 0/30 7/250 loss: 0.9803 time 1.68s
Epoch 0/30 8/250 loss: 0.9817 time 1.71s
Epoch 0/30 9/250 loss: 0.9809 time 1.73s
Epoch 0/30 10/250 loss: 0.9810 time 1.75s
Epoch 0/30 11/250 loss: 0.9776 time 1.76s
Epoch 0/30 12/250 loss: 0.9772 time 1.74s
Epoch 0/30 13/250 loss: 0.9765 time 1.80s
Epoch 0/30 14/250 loss: 0.9764 time 1.74s
Epoch 0/30 15/250 loss: 0.9759 time 1.76s
Epoch 0/30 16/250 loss: 0.9763 time 1.75s
Epoch 0/30 17/250 loss: 0.9746 time 1.74s
Epoch 0/30 18/250 loss: 0.9752 time 1.78s
Epoch 0/30 19/250 loss: 0.9748 time 1.74s
Epoch 0/30 20/250 loss: 0.9744 time 1.75s
Epoch 0/30 21/250 loss: 0.9738 time 1.77s
Epoch 0/30 22/250 loss: 0.9728 time 1.76s
Epoch 0/30 23/250 loss: 0.9723 time 1.78s
Epoch 0/30 24/250 loss: 0.9720 time 1.77s
Epoch 0/30 25/250 loss: 0.9709 time 1.81s
Epoch 0/30 26/250 loss: 0.9715 time 1.79s
Epoch 0/30 27/250 loss: 0.9707 time 1.76s
Epoch 0/30 28/250 loss: 0.9709 time 1.77s
Epoch 0/30 29/250 loss: 0.9711 time 1.73s
Epoch 0/30 30/250 loss: 0.9710 time 1.80s
Epoch 0/30 31/250 loss: 0.9707 time 1.78s
Epoch 0/30 32/250 loss: 0.9702 time 1.79s
Epoch 0/30 33/250 loss: 0.9706 time 1.79s
Epoch 0/30 34/250 loss: 0.9706 time 1.80s
Epoch 0/30 35/250 loss: 0.9704 time 1.78s
Epoch 0/30 36/250 loss: 0.9700 time 1.80s
Epoch 0/30 37/250 loss: 0.9704 time 1.76s
Epoch 0/30 38/250 loss: 0.9696 time 1.81s
Epoch 0/30 39/250 loss: 0.9699 time 1.80s
Epoch 0/30 40/250 loss: 0.9693 time 1.75s
Epoch 0/30 41/250 loss: 0.9692 time 1.82s
Epoch 0/30 42/250 loss: 0.9695 time 1.75s
Epoch 0/30 43/250 loss: 0.9690 time 1.80s
Epoch 0/30 44/250 loss: 0.9692 time 1.82s
Epoch 0/30 45/250 loss: 0.9690 time 1.77s
Epoch 0/30 46/250 loss: 0.9695 time 1.80s
Epoch 0/30 47/250 loss: 0.9691 time 1.82s
Epoch 0/30 48/250 loss: 0.9691 time 1.83s
Epoch 0/30 49/250 loss: 0.9684 time 1.82s
Epoch 0/30 50/250 loss: 0.9684 time 1.87s
Epoch 0/30 51/250 loss: 0.9683 time 1.86s
Epoch 0/30 52/250 loss: 0.9676 time 1.80s
Epoch 0/30 53/250 loss: 0.9670 time 1.81s
Epoch 0/30 54/250 loss: 0.9673 time 1.81s
Epoch 0/30 55/250 loss: 0.9672 time 1.83s
Epoch 0/30 56/250 loss: 0.9675 time 1.81s
Epoch 0/30 57/250 loss: 0.9673 time 1.82s
Epoch 0/30 58/250 loss: 0.9673 time 1.83s
Epoch 0/30 59/250 loss: 0.9671 time 1.83s
Epoch 0/30 60/250 loss: 0.9673 time 1.84s
Epoch 0/30 61/250 loss: 0.9674 time 1.81s
Epoch 0/30 62/250 loss: 0.9675 time 1.82s
Epoch 0/30 63/250 loss: 0.9673 time 1.78s
Epoch 0/30 64/250 loss: 0.9672 time 1.82s
Epoch 0/30 65/250 loss: 0.9674 time 1.82s
Epoch 0/30 66/250 loss: 0.9675 time 1.79s
Epoch 0/30 67/250 loss: 0.9677 time 1.77s
Epoch 0/30 68/250 loss: 0.9680 time 1.85s
Epoch 0/30 69/250 loss: 0.9681 time 1.82s
Epoch 0/30 70/250 loss: 0.9682 time 1.82s
Epoch 0/30 71/250 loss: 0.9679 time 1.81s
Epoch 0/30 72/250 loss: 0.9675 time 1.83s
Epoch 0/30 73/250 loss: 0.9675 time 1.81s
Epoch 0/30 74/250 loss: 0.9675 time 1.81s
Epoch 0/30 75/250 loss: 0.9676 time 1.81s
Epoch 0/30 76/250 loss: 0.9674 time 1.84s
Epoch 0/30 77/250 loss: 0.9674 time 1.82s
Epoch 0/30 78/250 loss: 0.9674 time 1.81s
Epoch 0/30 79/250 loss: 0.9674 time 1.80s
Epoch 0/30 80/250 loss: 0.9676 time 1.82s
Epoch 0/30 81/250 loss: 0.9678 time 1.83s
Epoch 0/30 82/250 loss: 0.9678 time 1.82s
Epoch 0/30 83/250 loss: 0.9676 time 1.83s
Epoch 0/30 84/250 loss: 0.9676 time 1.77s
Epoch 0/30 85/250 loss: 0.9676 time 1.82s
Epoch 0/30 86/250 loss: 0.9677 time 1.81s
Epoch 0/30 87/250 loss: 0.9678 time 1.83s
Epoch 0/30 88/250 loss: 0.9679 time 1.80s
Epoch 0/30 89/250 loss: 0.9676 time 1.82s
Epoch 0/30 90/250 loss: 0.9674 time 1.83s
Epoch 0/30 91/250 loss: 0.9675 time 1.81s
Epoch 0/30 92/250 loss: 0.9675 time 1.82s
Epoch 0/30 93/250 loss: 0.9674 time 1.83s
Epoch 0/30 94/250 loss: 0.9670 time 1.83s
Epoch 0/30 95/250 loss: 0.9670 time 1.81s
Epoch 0/30 96/250 loss: 0.9671 time 1.86s
Epoch 0/30 97/250 loss: 0.9671 time 1.83s
Epoch 0/30 98/250 loss: 0.9670 time 1.79s
Epoch 0/30 99/250 loss: 0.9667 time 1.82s
Epoch 0/30 100/250 loss: 0.9668 time 1.80s
Epoch 0/30 101/250 loss: 0.9667 time 1.81s
Epoch 0/30 102/250 loss: 0.9670 time 1.78s
Epoch 0/30 103/250 loss: 0.9669 time 1.83s
Epoch 0/30 104/250 loss: 0.9668 time 1.83s
Epoch 0/30 105/250 loss: 0.9668 time 1.81s
Epoch 0/30 106/250 loss: 0.9666 time 1.78s
Epoch 0/30 107/250 loss: 0.9667 time 1.81s
Epoch 0/30 108/250 loss: 0.9667 time 1.82s
Epoch 0/30 109/250 loss: 0.9659 time 1.85s
Epoch 0/30 110/250 loss: 0.9658 time 1.82s
Epoch 0/30 111/250 loss: 0.9659 time 1.81s
Epoch 0/30 112/250 loss: 0.9656 time 1.83s
Epoch 0/30 113/250 loss: 0.9658 time 1.84s
Epoch 0/30 114/250 loss: 0.9650 time 1.80s
Epoch 0/30 115/250 loss: 0.9650 time 1.83s
Epoch 0/30 116/250 loss: 0.9648 time 1.83s
Epoch 0/30 117/250 loss: 0.9648 time 1.81s
Epoch 0/30 118/250 loss: 0.9645 time 1.80s
Epoch 0/30 119/250 loss: 0.9645 time 1.83s
Epoch 0/30 120/250 loss: 0.9643 time 1.80s
Epoch 0/30 121/250 loss: 0.9645 time 1.81s
Epoch 0/30 122/250 loss: 0.9643 time 1.81s
Epoch 0/30 123/250 loss: 0.9642 time 1.82s
Epoch 0/30 124/250 loss: 0.9640 time 1.85s
Epoch 0/30 125/250 loss: 0.9639 time 1.80s
Epoch 0/30 126/250 loss: 0.9641 time 1.83s
Epoch 0/30 127/250 loss: 0.9642 time 1.83s
Epoch 0/30 128/250 loss: 0.9641 time 1.81s
Epoch 0/30 129/250 loss: 0.9640 time 1.80s
Epoch 0/30 130/250 loss: 0.9640 time 1.82s
Epoch 0/30 131/250 loss: 0.9638 time 1.81s
Epoch 0/30 132/250 loss: 0.9635 time 1.79s
Epoch 0/30 133/250 loss: 0.9630 time 1.80s
Epoch 0/30 134/250 loss: 0.9632 time 1.82s
Epoch 0/30 135/250 loss: 0.9631 time 1.84s
Epoch 0/30 136/250 loss: 0.9630 time 1.82s
Epoch 0/30 137/250 loss: 0.9630 time 1.81s
Epoch 0/30 138/250 loss: 0.9628 time 1.80s
Epoch 0/30 139/250 loss: 0.9627 time 1.81s
Epoch 0/30 140/250 loss: 0.9626 time 1.83s
Epoch 0/30 141/250 loss: 0.9625 time 1.83s
Epoch 0/30 142/250 loss: 0.9624 time 1.80s
Epoch 0/30 143/250 loss: 0.9620 time 1.82s
Epoch 0/30 144/250 loss: 0.9621 time 1.77s
Epoch 0/30 145/250 loss: 0.9622 time 1.86s
Epoch 0/30 146/250 loss: 0.9623 time 1.80s
Epoch 0/30 147/250 loss: 0.9622 time 1.79s
Epoch 0/30 148/250 loss: 0.9621 time 1.81s
Epoch 0/30 149/250 loss: 0.9618 time 1.80s
Epoch 0/30 150/250 loss: 0.9618 time 1.80s
Epoch 0/30 151/250 loss: 0.9617 time 1.83s
Epoch 0/30 152/250 loss: 0.9617 time 1.82s
Epoch 0/30 153/250 loss: 0.9616 time 1.79s
Epoch 0/30 154/250 loss: 0.9618 time 1.81s
Epoch 0/30 155/250 loss: 0.9618 time 1.82s
Epoch 0/30 156/250 loss: 0.9617 time 1.81s
Epoch 0/30 157/250 loss: 0.9617 time 1.84s
Epoch 0/30 158/250 loss: 0.9616 time 1.81s
Epoch 0/30 159/250 loss: 0.9615 time 1.82s
Epoch 0/30 160/250 loss: 0.9613 time 1.79s
Epoch 0/30 161/250 loss: 0.9612 time 1.80s
Epoch 0/30 162/250 loss: 0.9611 time 1.80s
Epoch 0/30 163/250 loss: 0.9611 time 1.80s
Epoch 0/30 164/250 loss: 0.9609 time 1.80s
Epoch 0/30 165/250 loss: 0.9609 time 1.81s
Epoch 0/30 166/250 loss: 0.9608 time 1.81s
Epoch 0/30 167/250 loss: 0.9607 time 1.79s
Epoch 0/30 168/250 loss: 0.9607 time 1.81s
Epoch 0/30 169/250 loss: 0.9607 time 1.83s
Epoch 0/30 170/250 loss: 0.9607 time 1.80s
Epoch 0/30 171/250 loss: 0.9605 time 1.80s
Epoch 0/30 172/250 loss: 0.9602 time 1.80s
Epoch 0/30 173/250 loss: 0.9602 time 1.80s
Epoch 0/30 174/250 loss: 0.9602 time 1.79s
Epoch 0/30 175/250 loss: 0.9603 time 1.85s
Epoch 0/30 176/250 loss: 0.9604 time 1.79s
Epoch 0/30 177/250 loss: 0.9603 time 1.80s
Epoch 0/30 178/250 loss: 0.9600 time 1.79s
Epoch 0/30 179/250 loss: 0.9599 time 1.77s
Epoch 0/30 180/250 loss: 0.9598 time 1.80s
Epoch 0/30 181/250 loss: 0.9599 time 1.80s
Epoch 0/30 182/250 loss: 0.9597 time 1.83s
Epoch 0/30 183/250 loss: 0.9593 time 1.82s
Epoch 0/30 184/250 loss: 0.9592 time 1.82s
Epoch 0/30 185/250 loss: 0.9592 time 1.79s
Epoch 0/30 186/250 loss: 0.9590 time 1.80s
Epoch 0/30 187/250 loss: 0.9591 time 1.80s
Epoch 0/30 188/250 loss: 0.9590 time 1.80s
Epoch 0/30 189/250 loss: 0.9589 time 1.80s
Epoch 0/30 190/250 loss: 0.9589 time 1.81s
Epoch 0/30 191/250 loss: 0.9588 time 1.80s
Epoch 0/30 192/250 loss: 0.9587 time 1.80s
Epoch 0/30 193/250 loss: 0.9583 time 1.86s
Epoch 0/30 194/250 loss: 0.9583 time 1.82s
Epoch 0/30 195/250 loss: 0.9583 time 1.78s
Epoch 0/30 196/250 loss: 0.9583 time 1.79s
Epoch 0/30 197/250 loss: 0.9583 time 1.79s
Epoch 0/30 198/250 loss: 0.9581 time 1.82s
Epoch 0/30 199/250 loss: 0.9581 time 1.79s
Epoch 0/30 200/250 loss: 0.9578 time 1.82s
Epoch 0/30 201/250 loss: 0.9576 time 1.80s
Epoch 0/30 202/250 loss: 0.9575 time 1.80s
Epoch 0/30 203/250 loss: 0.9576 time 1.89s
Epoch 0/30 204/250 loss: 0.9576 time 1.75s
Epoch 0/30 205/250 loss: 0.9574 time 1.81s
Epoch 0/30 206/250 loss: 0.9574 time 1.76s
Epoch 0/30 207/250 loss: 0.9574 time 1.85s
Epoch 0/30 208/250 loss: 0.9574 time 1.84s
Epoch 0/30 209/250 loss: 0.9572 time 1.83s
Epoch 0/30 210/250 loss: 0.9571 time 1.81s
Epoch 0/30 211/250 loss: 0.9571 time 1.80s
Epoch 0/30 212/250 loss: 0.9569 time 1.85s
Epoch 0/30 213/250 loss: 0.9570 time 1.82s
Epoch 0/30 214/250 loss: 0.9570 time 1.88s
Epoch 0/30 215/250 loss: 0.9570 time 1.81s
Epoch 0/30 216/250 loss: 0.9568 time 1.82s
Epoch 0/30 217/250 loss: 0.9567 time 1.85s
Epoch 0/30 218/250 loss: 0.9565 time 1.77s
Epoch 0/30 219/250 loss: 0.9565 time 1.81s
Epoch 0/30 220/250 loss: 0.9566 time 1.79s
Epoch 0/30 221/250 loss: 0.9566 time 1.81s
Epoch 0/30 222/250 loss: 0.9565 time 1.81s
Epoch 0/30 223/250 loss: 0.9564 time 1.80s
Epoch 0/30 224/250 loss: 0.9563 time 1.81s
Epoch 0/30 225/250 loss: 0.9562 time 1.82s
Epoch 0/30 226/250 loss: 0.9559 time 1.81s
Epoch 0/30 227/250 loss: 0.9558 time 1.82s
Epoch 0/30 228/250 loss: 0.9559 time 1.81s
Epoch 0/30 229/250 loss: 0.9558 time 1.80s
Epoch 0/30 230/250 loss: 0.9558 time 1.79s
Epoch 0/30 231/250 loss: 0.9556 time 1.80s
Epoch 0/30 232/250 loss: 0.9555 time 1.78s
Epoch 0/30 233/250 loss: 0.9556 time 1.85s
Epoch 0/30 234/250 loss: 0.9556 time 1.79s
Epoch 0/30 235/250 loss: 0.9557 time 1.80s
Epoch 0/30 236/250 loss: 0.9557 time 1.80s
Epoch 0/30 237/250 loss: 0.9556 time 1.79s
Epoch 0/30 238/250 loss: 0.9556 time 1.77s
Epoch 0/30 239/250 loss: 0.9553 time 1.81s
Epoch 0/30 240/250 loss: 0.9553 time 1.81s
Epoch 0/30 241/250 loss: 0.9553 time 1.80s
Epoch 0/30 242/250 loss: 0.9553 time 1.81s
Epoch 0/30 243/250 loss: 0.9551 time 1.79s
Epoch 0/30 244/250 loss: 0.9551 time 1.80s
Epoch 0/30 245/250 loss: 0.9550 time 1.80s
Epoch 0/30 246/250 loss: 0.9548 time 1.80s
Epoch 0/30 247/250 loss: 0.9548 time 1.80s
Epoch 0/30 248/250 loss: 0.9548 time 1.79s
Epoch 0/30 249/250 loss: 0.9547 time 1.79s
Final training  0/29 loss: 0.9547 time 486.33s
0 Sat Jul 22 20:01:32 2023 Epoch: 1
3 Sat Jul 22 20:09:13 2023 Epoch: 2
1 Sat Jul 22 20:09:13 2023 Epoch: 2
2 Sat Jul 22 20:09:13 2023 Epoch: 2
Epoch 1/30 0/250 loss: 0.9374 time 12.75s
Epoch 1/30 1/250 loss: 0.9439 time 1.86s
Epoch 1/30 2/250 loss: 0.9522 time 1.85s
Epoch 1/30 3/250 loss: 0.9538 time 1.87s
Epoch 1/30 4/250 loss: 0.9514 time 1.82s
Epoch 1/30 5/250 loss: 0.9493 time 1.84s
Epoch 1/30 6/250 loss: 0.9450 time 1.84s
Epoch 1/30 7/250 loss: 0.9427 time 1.79s
Epoch 1/30 8/250 loss: 0.9398 time 1.78s
Epoch 1/30 9/250 loss: 0.9406 time 1.77s
Epoch 1/30 10/250 loss: 0.9371 time 1.78s
Epoch 1/30 11/250 loss: 0.9391 time 1.79s
Epoch 1/30 12/250 loss: 0.9356 time 1.78s
Epoch 1/30 13/250 loss: 0.9304 time 1.78s
Epoch 1/30 14/250 loss: 0.9329 time 1.81s
Epoch 1/30 15/250 loss: 0.9325 time 1.79s
Epoch 1/30 16/250 loss: 0.9316 time 1.78s
Epoch 1/30 17/250 loss: 0.9322 time 1.80s
Epoch 1/30 18/250 loss: 0.9333 time 1.78s
Epoch 1/30 19/250 loss: 0.9310 time 1.79s
Epoch 1/30 20/250 loss: 0.9311 time 1.80s
Epoch 1/30 21/250 loss: 0.9319 time 1.77s
Epoch 1/30 22/250 loss: 0.9298 time 1.80s
Epoch 1/30 23/250 loss: 0.9285 time 1.79s
Epoch 1/30 24/250 loss: 0.9301 time 1.80s
Epoch 1/30 25/250 loss: 0.9321 time 1.79s
Epoch 1/30 26/250 loss: 0.9325 time 1.78s
Epoch 1/30 27/250 loss: 0.9333 time 1.78s
Epoch 1/30 28/250 loss: 0.9354 time 1.78s
Epoch 1/30 29/250 loss: 0.9350 time 1.81s
Epoch 1/30 30/250 loss: 0.9345 time 1.79s
Epoch 1/30 31/250 loss: 0.9312 time 1.80s
Epoch 1/30 32/250 loss: 0.9322 time 1.78s
Epoch 1/30 33/250 loss: 0.9334 time 1.74s
Epoch 1/30 34/250 loss: 0.9335 time 1.75s
Epoch 1/30 35/250 loss: 0.9341 time 1.79s
Epoch 1/30 36/250 loss: 0.9340 time 1.79s
Epoch 1/30 37/250 loss: 0.9338 time 1.81s
Epoch 1/30 38/250 loss: 0.9340 time 1.79s
Epoch 1/30 39/250 loss: 0.9345 time 1.78s
Epoch 1/30 40/250 loss: 0.9336 time 1.79s
Epoch 1/30 41/250 loss: 0.9333 time 1.80s
Epoch 1/30 42/250 loss: 0.9332 time 1.78s
Epoch 1/30 43/250 loss: 0.9319 time 1.80s
Epoch 1/30 44/250 loss: 0.9322 time 1.79s
Epoch 1/30 45/250 loss: 0.9325 time 1.74s
Epoch 1/30 46/250 loss: 0.9322 time 1.79s
Epoch 1/30 47/250 loss: 0.9329 time 1.79s
Epoch 1/30 48/250 loss: 0.9334 time 1.79s
Epoch 1/30 49/250 loss: 0.9339 time 1.79s
Epoch 1/30 50/250 loss: 0.9350 time 1.78s
Epoch 1/30 51/250 loss: 0.9349 time 1.80s
Epoch 1/30 52/250 loss: 0.9351 time 1.79s
Epoch 1/30 53/250 loss: 0.9355 time 1.80s
Epoch 1/30 54/250 loss: 0.9352 time 1.81s
Epoch 1/30 55/250 loss: 0.9352 time 1.78s
Epoch 1/30 56/250 loss: 0.9355 time 1.80s
Epoch 1/30 57/250 loss: 0.9361 time 1.79s
Epoch 1/30 58/250 loss: 0.9371 time 1.78s
Epoch 1/30 59/250 loss: 0.9361 time 1.80s
Epoch 1/30 60/250 loss: 0.9357 time 1.79s
Epoch 1/30 61/250 loss: 0.9358 time 1.78s
Epoch 1/30 62/250 loss: 0.9358 time 1.79s
Epoch 1/30 63/250 loss: 0.9350 time 1.78s
Epoch 1/30 64/250 loss: 0.9351 time 1.78s
Epoch 1/30 65/250 loss: 0.9359 time 1.77s
Epoch 1/30 66/250 loss: 0.9360 time 1.79s
Epoch 1/30 67/250 loss: 0.9358 time 1.79s
Epoch 1/30 68/250 loss: 0.9357 time 1.79s
Epoch 1/30 69/250 loss: 0.9362 time 1.79s
Epoch 1/30 70/250 loss: 0.9363 time 1.80s
Epoch 1/30 71/250 loss: 0.9361 time 1.79s
Epoch 1/30 72/250 loss: 0.9354 time 1.83s
Epoch 1/30 73/250 loss: 0.9351 time 1.80s
Epoch 1/30 74/250 loss: 0.9346 time 1.80s
Epoch 1/30 75/250 loss: 0.9341 time 1.79s
Epoch 1/30 76/250 loss: 0.9339 time 1.79s
Epoch 1/30 77/250 loss: 0.9339 time 1.79s
Epoch 1/30 78/250 loss: 0.9328 time 1.80s
Epoch 1/30 79/250 loss: 0.9326 time 1.79s
Epoch 1/30 80/250 loss: 0.9320 time 1.81s
Epoch 1/30 81/250 loss: 0.9320 time 1.80s
Epoch 1/30 82/250 loss: 0.9313 time 1.81s
Epoch 1/30 83/250 loss: 0.9317 time 1.78s
Epoch 1/30 84/250 loss: 0.9319 time 1.81s
Epoch 1/30 85/250 loss: 0.9318 time 1.79s
Epoch 1/30 86/250 loss: 0.9321 time 1.80s
Epoch 1/30 87/250 loss: 0.9322 time 1.80s
Epoch 1/30 88/250 loss: 0.9322 time 1.81s
Epoch 1/30 89/250 loss: 0.9327 time 1.79s
Epoch 1/30 90/250 loss: 0.9323 time 1.80s
Epoch 1/30 91/250 loss: 0.9324 time 1.79s
Epoch 1/30 92/250 loss: 0.9329 time 1.79s
Epoch 1/30 93/250 loss: 0.9327 time 1.78s
Epoch 1/30 94/250 loss: 0.9321 time 1.81s
Epoch 1/30 95/250 loss: 0.9328 time 1.79s
Epoch 1/30 96/250 loss: 0.9321 time 1.78s
Epoch 1/30 97/250 loss: 0.9321 time 1.79s
Epoch 1/30 98/250 loss: 0.9318 time 1.78s
Epoch 1/30 99/250 loss: 0.9319 time 1.80s
Epoch 1/30 100/250 loss: 0.9318 time 1.79s
Epoch 1/30 101/250 loss: 0.9318 time 1.79s
Epoch 1/30 102/250 loss: 0.9318 time 1.79s
Epoch 1/30 103/250 loss: 0.9311 time 1.80s
Epoch 1/30 104/250 loss: 0.9308 time 1.81s
Epoch 1/30 105/250 loss: 0.9304 time 1.79s
Epoch 1/30 106/250 loss: 0.9303 time 1.80s
Epoch 1/30 107/250 loss: 0.9301 time 1.79s
Epoch 1/30 108/250 loss: 0.9302 time 1.79s
Epoch 1/30 109/250 loss: 0.9301 time 1.79s
Epoch 1/30 110/250 loss: 0.9301 time 1.79s
Epoch 1/30 111/250 loss: 0.9299 time 1.78s
Epoch 1/30 112/250 loss: 0.9297 time 1.79s
Epoch 1/30 113/250 loss: 0.9295 time 1.80s
Epoch 1/30 114/250 loss: 0.9295 time 1.80s
Epoch 1/30 115/250 loss: 0.9293 time 1.79s
Epoch 1/30 116/250 loss: 0.9290 time 1.80s
Epoch 1/30 117/250 loss: 0.9293 time 1.79s
Epoch 1/30 118/250 loss: 0.9294 time 1.80s
Epoch 1/30 119/250 loss: 0.9290 time 1.80s
Epoch 1/30 120/250 loss: 0.9292 time 1.78s
Epoch 1/30 121/250 loss: 0.9292 time 1.80s
Epoch 1/30 122/250 loss: 0.9292 time 1.79s
Epoch 1/30 123/250 loss: 0.9291 time 1.78s
Epoch 1/30 124/250 loss: 0.9285 time 1.80s
Epoch 1/30 125/250 loss: 0.9286 time 1.75s
Epoch 1/30 126/250 loss: 0.9285 time 1.81s
Epoch 1/30 127/250 loss: 0.9285 time 1.80s
Epoch 1/30 128/250 loss: 0.9287 time 1.79s
Epoch 1/30 129/250 loss: 0.9287 time 1.78s
Epoch 1/30 130/250 loss: 0.9280 time 1.81s
Epoch 1/30 131/250 loss: 0.9276 time 1.81s
Epoch 1/30 132/250 loss: 0.9274 time 1.78s
Epoch 1/30 133/250 loss: 0.9271 time 1.81s
Epoch 1/30 134/250 loss: 0.9271 time 1.80s
Epoch 1/30 135/250 loss: 0.9268 time 1.81s
Epoch 1/30 136/250 loss: 0.9269 time 1.80s
Epoch 1/30 137/250 loss: 0.9266 time 1.76s
Epoch 1/30 138/250 loss: 0.9268 time 1.81s
Epoch 1/30 139/250 loss: 0.9267 time 1.80s
Epoch 1/30 140/250 loss: 0.9267 time 1.79s
Epoch 1/30 141/250 loss: 0.9267 time 1.81s
Epoch 1/30 142/250 loss: 0.9266 time 1.80s
Epoch 1/30 143/250 loss: 0.9263 time 1.81s
Epoch 1/30 144/250 loss: 0.9264 time 1.79s
Epoch 1/30 145/250 loss: 0.9265 time 1.80s
Epoch 1/30 146/250 loss: 0.9265 time 1.81s
Epoch 1/30 147/250 loss: 0.9263 time 1.80s
Epoch 1/30 148/250 loss: 0.9264 time 1.80s
Epoch 1/30 149/250 loss: 0.9259 time 1.79s
Epoch 1/30 150/250 loss: 0.9261 time 1.78s
Epoch 1/30 151/250 loss: 0.9260 time 1.79s
Epoch 1/30 152/250 loss: 0.9261 time 1.82s
Epoch 1/30 153/250 loss: 0.9260 time 1.76s
Epoch 1/30 154/250 loss: 0.9263 time 1.75s
Epoch 1/30 155/250 loss: 0.9263 time 1.80s
Epoch 1/30 156/250 loss: 0.9263 time 1.80s
Epoch 1/30 157/250 loss: 0.9261 time 1.80s
Epoch 1/30 158/250 loss: 0.9259 time 1.80s
Epoch 1/30 159/250 loss: 0.9259 time 1.80s
Epoch 1/30 160/250 loss: 0.9257 time 1.80s
Epoch 1/30 161/250 loss: 0.9258 time 1.79s
Epoch 1/30 162/250 loss: 0.9258 time 1.78s
Epoch 1/30 163/250 loss: 0.9254 time 1.80s
Epoch 1/30 164/250 loss: 0.9257 time 1.93s
Epoch 1/30 165/250 loss: 0.9257 time 1.81s
Epoch 1/30 166/250 loss: 0.9260 time 1.75s
Epoch 1/30 167/250 loss: 0.9262 time 1.80s
Epoch 1/30 168/250 loss: 0.9263 time 1.79s
Epoch 1/30 169/250 loss: 0.9263 time 1.76s
Epoch 1/30 170/250 loss: 0.9265 time 1.80s
Epoch 1/30 171/250 loss: 0.9263 time 1.79s
Epoch 1/30 172/250 loss: 0.9260 time 1.79s
Epoch 1/30 173/250 loss: 0.9260 time 1.76s
Epoch 1/30 174/250 loss: 0.9262 time 1.86s
Epoch 1/30 175/250 loss: 0.9258 time 1.79s
Epoch 1/30 176/250 loss: 0.9255 time 1.79s
Epoch 1/30 177/250 loss: 0.9255 time 1.76s
Epoch 1/30 178/250 loss: 0.9252 time 1.80s
Epoch 1/30 179/250 loss: 0.9250 time 1.79s
Epoch 1/30 180/250 loss: 0.9249 time 1.79s
Epoch 1/30 181/250 loss: 0.9249 time 1.82s
Epoch 1/30 182/250 loss: 0.9249 time 1.79s
Epoch 1/30 183/250 loss: 0.9247 time 1.80s
Epoch 1/30 184/250 loss: 0.9245 time 1.88s
Epoch 1/30 185/250 loss: 0.9245 time 1.91s
Epoch 1/30 186/250 loss: 0.9245 time 1.91s
Epoch 1/30 187/250 loss: 0.9247 time 1.96s
Epoch 1/30 188/250 loss: 0.9245 time 1.89s
Epoch 1/30 189/250 loss: 0.9247 time 1.84s
Epoch 1/30 190/250 loss: 0.9248 time 1.80s
Epoch 1/30 191/250 loss: 0.9249 time 1.81s
Epoch 1/30 192/250 loss: 0.9248 time 1.79s
Epoch 1/30 193/250 loss: 0.9248 time 1.81s
Epoch 1/30 194/250 loss: 0.9250 time 1.77s
Epoch 1/30 195/250 loss: 0.9248 time 1.80s
Epoch 1/30 196/250 loss: 0.9246 time 1.80s
Epoch 1/30 197/250 loss: 0.9246 time 1.79s
Epoch 1/30 198/250 loss: 0.9244 time 1.82s
Epoch 1/30 199/250 loss: 0.9246 time 1.81s
Epoch 1/30 200/250 loss: 0.9245 time 1.81s
Epoch 1/30 201/250 loss: 0.9244 time 1.81s
Epoch 1/30 202/250 loss: 0.9244 time 1.79s
Epoch 1/30 203/250 loss: 0.9245 time 1.79s
Epoch 1/30 204/250 loss: 0.9247 time 1.79s
Epoch 1/30 205/250 loss: 0.9247 time 1.79s
Epoch 1/30 206/250 loss: 0.9239 time 1.81s
Epoch 1/30 207/250 loss: 0.9237 time 1.80s
Epoch 1/30 208/250 loss: 0.9236 time 1.81s
Epoch 1/30 209/250 loss: 0.9234 time 1.80s
Epoch 1/30 210/250 loss: 0.9233 time 1.79s
Epoch 1/30 211/250 loss: 0.9231 time 1.80s
Epoch 1/30 212/250 loss: 0.9229 time 1.80s
Epoch 1/30 213/250 loss: 0.9228 time 1.80s
Epoch 1/30 214/250 loss: 0.9226 time 1.79s
Epoch 1/30 215/250 loss: 0.9227 time 1.80s
Epoch 1/30 216/250 loss: 0.9225 time 1.76s
Epoch 1/30 217/250 loss: 0.9225 time 1.80s
Epoch 1/30 218/250 loss: 0.9221 time 1.80s
Epoch 1/30 219/250 loss: 0.9223 time 1.76s
Epoch 1/30 220/250 loss: 0.9223 time 1.81s
Epoch 1/30 221/250 loss: 0.9225 time 1.79s
Epoch 1/30 222/250 loss: 0.9221 time 1.80s
Epoch 1/30 223/250 loss: 0.9220 time 1.79s
Epoch 1/30 224/250 loss: 0.9218 time 1.80s
Epoch 1/30 225/250 loss: 0.9214 time 1.81s
Epoch 1/30 226/250 loss: 0.9215 time 1.80s
Epoch 1/30 227/250 loss: 0.9213 time 1.81s
Epoch 1/30 228/250 loss: 0.9212 time 1.79s
Epoch 1/30 229/250 loss: 0.9209 time 1.82s
Epoch 1/30 230/250 loss: 0.9209 time 1.80s
Epoch 1/30 231/250 loss: 0.9208 time 1.75s
Epoch 1/30 232/250 loss: 0.9209 time 1.81s
Epoch 1/30 233/250 loss: 0.9206 time 1.79s
Epoch 1/30 234/250 loss: 0.9206 time 1.81s
Epoch 1/30 235/250 loss: 0.9208 time 1.80s
Epoch 1/30 236/250 loss: 0.9206 time 1.79s
Epoch 1/30 237/250 loss: 0.9205 time 1.80s
Epoch 1/30 238/250 loss: 0.9202 time 1.78s
Epoch 1/30 239/250 loss: 0.9202 time 1.79s
Epoch 1/30 240/250 loss: 0.9200 time 1.79s
Epoch 1/30 241/250 loss: 0.9198 time 1.80s
Epoch 1/30 242/250 loss: 0.9199 time 1.80s
Epoch 1/30 243/250 loss: 0.9199 time 1.78s
Epoch 1/30 244/250 loss: 0.9199 time 1.75s
Epoch 1/30 245/250 loss: 0.9198 time 1.81s
Epoch 1/30 246/250 loss: 0.9197 time 1.79s
Epoch 1/30 247/250 loss: 0.9197 time 1.77s
Epoch 1/30 248/250 loss: 0.9194 time 1.80s
Epoch 1/30 249/250 loss: 0.9193 time 1.79s
Final training  1/29 loss: 0.9193 time 460.49s
0 Sat Jul 22 20:09:13 2023 Epoch: 2
2 Sat Jul 22 20:16:51 2023 Epoch: 3
1 Sat Jul 22 20:16:51 2023 Epoch: 3
3 Sat Jul 22 20:16:51 2023 Epoch: 3
Epoch 2/30 0/250 loss: 0.9718 time 10.86s
Epoch 2/30 1/250 loss: 0.9497 time 1.85s
Epoch 2/30 2/250 loss: 0.9431 time 1.87s
Epoch 2/30 3/250 loss: 0.9355 time 1.90s
Epoch 2/30 4/250 loss: 0.9148 time 1.88s
Epoch 2/30 5/250 loss: 0.9057 time 1.83s
Epoch 2/30 6/250 loss: 0.9060 time 2.09s
Epoch 2/30 7/250 loss: 0.9114 time 1.80s
Epoch 2/30 8/250 loss: 0.9128 time 1.73s
Epoch 2/30 9/250 loss: 0.9085 time 1.75s
Epoch 2/30 10/250 loss: 0.9084 time 1.80s
Epoch 2/30 11/250 loss: 0.9061 time 1.78s
Epoch 2/30 12/250 loss: 0.9102 time 1.76s
Epoch 2/30 13/250 loss: 0.9073 time 1.78s
Epoch 2/30 14/250 loss: 0.9055 time 1.78s
Epoch 2/30 15/250 loss: 0.9070 time 1.73s
Epoch 2/30 16/250 loss: 0.9049 time 1.78s
Epoch 2/30 17/250 loss: 0.9052 time 1.78s
Epoch 2/30 18/250 loss: 0.9021 time 1.80s
Epoch 2/30 19/250 loss: 0.9005 time 1.78s
Epoch 2/30 20/250 loss: 0.9027 time 1.75s
Epoch 2/30 21/250 loss: 0.9023 time 1.79s
Epoch 2/30 22/250 loss: 0.9000 time 1.79s
Epoch 2/30 23/250 loss: 0.8970 time 1.79s
Epoch 2/30 24/250 loss: 0.8958 time 1.78s
Epoch 2/30 25/250 loss: 0.8959 time 1.78s
Epoch 2/30 26/250 loss: 0.8956 time 1.79s
Epoch 2/30 27/250 loss: 0.8952 time 1.80s
Epoch 2/30 28/250 loss: 0.8970 time 1.77s
Epoch 2/30 29/250 loss: 0.8994 time 1.79s
Epoch 2/30 30/250 loss: 0.8972 time 1.85s
Epoch 2/30 31/250 loss: 0.8990 time 1.79s
Epoch 2/30 32/250 loss: 0.9005 time 1.91s
Epoch 2/30 33/250 loss: 0.8999 time 1.88s
Epoch 2/30 34/250 loss: 0.8991 time 1.84s
Epoch 2/30 35/250 loss: 0.8997 time 1.79s
Epoch 2/30 36/250 loss: 0.9006 time 1.79s
Epoch 2/30 37/250 loss: 0.9019 time 1.79s
Epoch 2/30 38/250 loss: 0.9014 time 1.78s
Epoch 2/30 39/250 loss: 0.9010 time 1.79s
Epoch 2/30 40/250 loss: 0.9023 time 1.78s
Epoch 2/30 41/250 loss: 0.9008 time 1.79s
Epoch 2/30 42/250 loss: 0.9022 time 1.80s
Epoch 2/30 43/250 loss: 0.9024 time 1.81s
Epoch 2/30 44/250 loss: 0.9027 time 1.80s
Epoch 2/30 45/250 loss: 0.9016 time 1.79s
Epoch 2/30 46/250 loss: 0.9009 time 1.80s
Epoch 2/30 47/250 loss: 0.9016 time 1.80s
Epoch 2/30 48/250 loss: 0.9027 time 1.80s
Epoch 2/30 49/250 loss: 0.9030 time 1.79s
Epoch 2/30 50/250 loss: 0.9022 time 1.81s
Epoch 2/30 51/250 loss: 0.9021 time 1.79s
Epoch 2/30 52/250 loss: 0.9016 time 1.78s
Epoch 2/30 53/250 loss: 0.9020 time 1.81s
Epoch 2/30 54/250 loss: 0.9011 time 1.78s
Epoch 2/30 55/250 loss: 0.8995 time 1.79s
Epoch 2/30 56/250 loss: 0.8999 time 1.80s
Epoch 2/30 57/250 loss: 0.9001 time 1.80s
Epoch 2/30 58/250 loss: 0.9003 time 1.80s
Epoch 2/30 59/250 loss: 0.8996 time 1.79s
Epoch 2/30 60/250 loss: 0.8981 time 1.78s
Epoch 2/30 61/250 loss: 0.8977 time 1.81s
Epoch 2/30 62/250 loss: 0.8979 time 1.79s
Epoch 2/30 63/250 loss: 0.8980 time 1.79s
Epoch 2/30 64/250 loss: 0.8980 time 1.79s
Epoch 2/30 65/250 loss: 0.8978 time 1.81s
Epoch 2/30 66/250 loss: 0.8973 time 1.79s
Epoch 2/30 67/250 loss: 0.8965 time 1.78s
Epoch 2/30 68/250 loss: 0.8958 time 1.79s
Epoch 2/30 69/250 loss: 0.8966 time 1.79s
Epoch 2/30 70/250 loss: 0.8958 time 1.81s
Epoch 2/30 71/250 loss: 0.8967 time 1.79s
Epoch 2/30 72/250 loss: 0.8964 time 1.79s
Epoch 2/30 73/250 loss: 0.8966 time 1.81s
Epoch 2/30 74/250 loss: 0.8968 time 1.77s
Epoch 2/30 75/250 loss: 0.8971 time 1.79s
Epoch 2/30 76/250 loss: 0.8965 time 1.79s
Epoch 2/30 77/250 loss: 0.8967 time 1.82s
Epoch 2/30 78/250 loss: 0.8969 time 1.79s
Epoch 2/30 79/250 loss: 0.8961 time 1.81s
Epoch 2/30 80/250 loss: 0.8967 time 1.80s
Epoch 2/30 81/250 loss: 0.8968 time 1.79s
Epoch 2/30 82/250 loss: 0.8962 time 1.80s
Epoch 2/30 83/250 loss: 0.8966 time 1.75s
Epoch 2/30 84/250 loss: 0.8954 time 1.79s
Epoch 2/30 85/250 loss: 0.8959 time 1.77s
Epoch 2/30 86/250 loss: 0.8964 time 1.78s
Epoch 2/30 87/250 loss: 0.8964 time 1.80s
Epoch 2/30 88/250 loss: 0.8962 time 1.79s
Epoch 2/30 89/250 loss: 0.8954 time 1.82s
Epoch 2/30 90/250 loss: 0.8952 time 1.80s
Epoch 2/30 91/250 loss: 0.8952 time 1.78s
Epoch 2/30 92/250 loss: 0.8957 time 1.80s
Epoch 2/30 93/250 loss: 0.8959 time 1.81s
Epoch 2/30 94/250 loss: 0.8959 time 1.77s
Epoch 2/30 95/250 loss: 0.8953 time 1.81s
Epoch 2/30 96/250 loss: 0.8953 time 1.79s
Epoch 2/30 97/250 loss: 0.8955 time 1.78s
Epoch 2/30 98/250 loss: 0.8956 time 1.79s
Epoch 2/30 99/250 loss: 0.8953 time 1.78s
Epoch 2/30 100/250 loss: 0.8947 time 1.80s
Epoch 2/30 101/250 loss: 0.8944 time 1.80s
Epoch 2/30 102/250 loss: 0.8947 time 1.79s
Epoch 2/30 103/250 loss: 0.8948 time 1.79s
Epoch 2/30 104/250 loss: 0.8949 time 1.75s
Epoch 2/30 105/250 loss: 0.8947 time 1.79s
Epoch 2/30 106/250 loss: 0.8942 time 1.79s
Epoch 2/30 107/250 loss: 0.8946 time 1.79s
Epoch 2/30 108/250 loss: 0.8944 time 1.80s
Epoch 2/30 109/250 loss: 0.8940 time 1.79s
Epoch 2/30 110/250 loss: 0.8931 time 1.80s
Epoch 2/30 111/250 loss: 0.8931 time 1.79s
Epoch 2/30 112/250 loss: 0.8936 time 1.80s
Epoch 2/30 113/250 loss: 0.8938 time 1.79s
Epoch 2/30 114/250 loss: 0.8933 time 1.79s
Epoch 2/30 115/250 loss: 0.8928 time 1.79s
Epoch 2/30 116/250 loss: 0.8926 time 1.79s
Epoch 2/30 117/250 loss: 0.8926 time 1.75s
Epoch 2/30 118/250 loss: 0.8926 time 1.82s
Epoch 2/30 119/250 loss: 0.8928 time 1.81s
Epoch 2/30 120/250 loss: 0.8930 time 1.79s
Epoch 2/30 121/250 loss: 0.8928 time 1.80s
Epoch 2/30 122/250 loss: 0.8923 time 1.80s
Epoch 2/30 123/250 loss: 0.8920 time 1.80s
Epoch 2/30 124/250 loss: 0.8919 time 1.79s
Epoch 2/30 125/250 loss: 0.8924 time 1.80s
Epoch 2/30 126/250 loss: 0.8925 time 1.78s
Epoch 2/30 127/250 loss: 0.8924 time 1.78s
Epoch 2/30 128/250 loss: 0.8922 time 1.79s
Epoch 2/30 129/250 loss: 0.8916 time 1.81s
Epoch 2/30 130/250 loss: 0.8915 time 1.81s
Epoch 2/30 131/250 loss: 0.8915 time 1.79s
Epoch 2/30 132/250 loss: 0.8922 time 1.79s
Epoch 2/30 133/250 loss: 0.8921 time 1.80s
Epoch 2/30 134/250 loss: 0.8928 time 1.78s
Epoch 2/30 135/250 loss: 0.8927 time 1.80s
Epoch 2/30 136/250 loss: 0.8925 time 1.79s
Epoch 2/30 137/250 loss: 0.8923 time 1.80s
Epoch 2/30 138/250 loss: 0.8928 time 1.79s
Epoch 2/30 139/250 loss: 0.8926 time 1.79s
Epoch 2/30 140/250 loss: 0.8928 time 1.80s
Epoch 2/30 141/250 loss: 0.8928 time 1.79s
Epoch 2/30 142/250 loss: 0.8927 time 1.77s
Epoch 2/30 143/250 loss: 0.8932 time 1.77s
Epoch 2/30 144/250 loss: 0.8930 time 1.80s
Epoch 2/30 145/250 loss: 0.8926 time 1.76s
Epoch 2/30 146/250 loss: 0.8921 time 1.81s
Epoch 2/30 147/250 loss: 0.8919 time 1.81s
Epoch 2/30 148/250 loss: 0.8919 time 1.80s
Epoch 2/30 149/250 loss: 0.8917 time 1.80s
Epoch 2/30 150/250 loss: 0.8917 time 1.78s
Epoch 2/30 151/250 loss: 0.8917 time 1.79s
Epoch 2/30 152/250 loss: 0.8914 time 1.79s
Epoch 2/30 153/250 loss: 0.8912 time 1.80s
Epoch 2/30 154/250 loss: 0.8911 time 1.79s
Epoch 2/30 155/250 loss: 0.8912 time 1.79s
Epoch 2/30 156/250 loss: 0.8911 time 1.80s
Epoch 2/30 157/250 loss: 0.8910 time 1.79s
Epoch 2/30 158/250 loss: 0.8906 time 1.80s
Epoch 2/30 159/250 loss: 0.8902 time 1.79s
Epoch 2/30 160/250 loss: 0.8899 time 1.79s
Epoch 2/30 161/250 loss: 0.8899 time 1.79s
Epoch 2/30 162/250 loss: 0.8894 time 1.79s
Epoch 2/30 163/250 loss: 0.8891 time 1.80s
Epoch 2/30 164/250 loss: 0.8890 time 1.78s
Epoch 2/30 165/250 loss: 0.8889 time 1.75s
Epoch 2/30 166/250 loss: 0.8887 time 1.81s
Epoch 2/30 167/250 loss: 0.8884 time 1.80s
Epoch 2/30 168/250 loss: 0.8884 time 1.83s
Epoch 2/30 169/250 loss: 0.8885 time 1.78s
Epoch 2/30 170/250 loss: 0.8886 time 1.76s
Epoch 2/30 171/250 loss: 0.8889 time 1.78s
Epoch 2/30 172/250 loss: 0.8891 time 1.78s
Epoch 2/30 173/250 loss: 0.8890 time 1.80s
Epoch 2/30 174/250 loss: 0.8893 time 1.79s
Epoch 2/30 175/250 loss: 0.8894 time 1.80s
Epoch 2/30 176/250 loss: 0.8892 time 1.79s
Epoch 2/30 177/250 loss: 0.8887 time 1.75s
Epoch 2/30 178/250 loss: 0.8889 time 1.81s
Epoch 2/30 179/250 loss: 0.8886 time 1.78s
Epoch 2/30 180/250 loss: 0.8885 time 1.76s
Epoch 2/30 181/250 loss: 0.8884 time 1.80s
Epoch 2/30 182/250 loss: 0.8885 time 1.80s
Epoch 2/30 183/250 loss: 0.8886 time 1.80s
Epoch 2/30 184/250 loss: 0.8889 time 1.80s
Epoch 2/30 185/250 loss: 0.8888 time 1.81s
Epoch 2/30 186/250 loss: 0.8888 time 1.80s
Epoch 2/30 187/250 loss: 0.8886 time 1.80s
Epoch 2/30 188/250 loss: 0.8887 time 1.80s
Epoch 2/30 189/250 loss: 0.8890 time 1.77s
Epoch 2/30 190/250 loss: 0.8889 time 1.79s
Epoch 2/30 191/250 loss: 0.8886 time 1.83s
Epoch 2/30 192/250 loss: 0.8880 time 1.82s
Epoch 2/30 193/250 loss: 0.8879 time 1.81s
Epoch 2/30 194/250 loss: 0.8874 time 1.78s
Epoch 2/30 195/250 loss: 0.8875 time 1.79s
Epoch 2/30 196/250 loss: 0.8878 time 1.77s
Epoch 2/30 197/250 loss: 0.8874 time 1.80s
Epoch 2/30 198/250 loss: 0.8875 time 1.81s
Epoch 2/30 199/250 loss: 0.8876 time 1.75s
Epoch 2/30 200/250 loss: 0.8871 time 1.79s
Epoch 2/30 201/250 loss: 0.8868 time 1.79s
Epoch 2/30 202/250 loss: 0.8865 time 1.79s
Epoch 2/30 203/250 loss: 0.8863 time 1.79s
Epoch 2/30 204/250 loss: 0.8858 time 1.80s
Epoch 2/30 205/250 loss: 0.8857 time 1.80s
Epoch 2/30 206/250 loss: 0.8855 time 1.81s
Epoch 2/30 207/250 loss: 0.8853 time 1.81s
Epoch 2/30 208/250 loss: 0.8849 time 1.80s
Epoch 2/30 209/250 loss: 0.8852 time 1.81s
Epoch 2/30 210/250 loss: 0.8847 time 1.80s
Epoch 2/30 211/250 loss: 0.8847 time 1.81s
Epoch 2/30 212/250 loss: 0.8849 time 1.81s
Epoch 2/30 213/250 loss: 0.8853 time 1.76s
Epoch 2/30 214/250 loss: 0.8847 time 1.81s
Epoch 2/30 215/250 loss: 0.8849 time 1.81s
Epoch 2/30 216/250 loss: 0.8848 time 1.80s
Epoch 2/30 217/250 loss: 0.8847 time 1.81s
Epoch 2/30 218/250 loss: 0.8847 time 1.79s
Epoch 2/30 219/250 loss: 0.8843 time 1.82s
Epoch 2/30 220/250 loss: 0.8842 time 1.80s
Epoch 2/30 221/250 loss: 0.8841 time 1.80s
Epoch 2/30 222/250 loss: 0.8836 time 1.79s
Epoch 2/30 223/250 loss: 0.8835 time 1.79s
Epoch 2/30 224/250 loss: 0.8838 time 1.81s
Epoch 2/30 225/250 loss: 0.8836 time 1.78s
Epoch 2/30 226/250 loss: 0.8832 time 1.80s
Epoch 2/30 227/250 loss: 0.8831 time 1.80s
Epoch 2/30 228/250 loss: 0.8828 time 1.82s
Epoch 2/30 229/250 loss: 0.8828 time 1.80s
Epoch 2/30 230/250 loss: 0.8828 time 1.79s
Epoch 2/30 231/250 loss: 0.8830 time 1.78s
Epoch 2/30 232/250 loss: 0.8833 time 1.78s
Epoch 2/30 233/250 loss: 0.8832 time 1.80s
Epoch 2/30 234/250 loss: 0.8830 time 1.81s
Epoch 2/30 235/250 loss: 0.8833 time 1.79s
Epoch 2/30 236/250 loss: 0.8831 time 1.79s
Epoch 2/30 237/250 loss: 0.8830 time 1.81s
Epoch 2/30 238/250 loss: 0.8826 time 1.79s
Epoch 2/30 239/250 loss: 0.8826 time 1.80s
Epoch 2/30 240/250 loss: 0.8826 time 1.74s
Epoch 2/30 241/250 loss: 0.8827 time 1.80s
Epoch 2/30 242/250 loss: 0.8823 time 1.77s
Epoch 2/30 243/250 loss: 0.8821 time 1.81s
Epoch 2/30 244/250 loss: 0.8823 time 1.79s
Epoch 2/30 245/250 loss: 0.8821 time 1.79s
Epoch 2/30 246/250 loss: 0.8819 time 1.81s
Epoch 2/30 247/250 loss: 0.8819 time 1.80s
Epoch 2/30 248/250 loss: 0.8818 time 1.74s
Epoch 2/30 249/250 loss: 0.8817 time 1.77s
Final training  2/29 loss: 0.8817 time 458.27s
0 Sat Jul 22 20:16:51 2023 Epoch: 3
3 Sat Jul 22 20:24:30 2023 Epoch: 4
1 Sat Jul 22 20:24:30 2023 Epoch: 4
2 Sat Jul 22 20:24:30 2023 Epoch: 4
Epoch 3/30 0/250 loss: 0.8550 time 12.18s
Epoch 3/30 1/250 loss: 0.8403 time 1.91s
Epoch 3/30 2/250 loss: 0.8280 time 1.89s
Epoch 3/30 3/250 loss: 0.8425 time 1.86s
Epoch 3/30 4/250 loss: 0.8469 time 1.83s
Epoch 3/30 5/250 loss: 0.8499 time 1.86s
Epoch 3/30 6/250 loss: 0.8539 time 1.84s
Epoch 3/30 7/250 loss: 0.8422 time 1.97s
Epoch 3/30 8/250 loss: 0.8509 time 1.75s
Epoch 3/30 9/250 loss: 0.8546 time 1.76s
Epoch 3/30 10/250 loss: 0.8489 time 1.78s
Epoch 3/30 11/250 loss: 0.8505 time 1.79s
Epoch 3/30 12/250 loss: 0.8537 time 1.78s
Epoch 3/30 13/250 loss: 0.8516 time 1.78s
Epoch 3/30 14/250 loss: 0.8500 time 1.78s
Epoch 3/30 15/250 loss: 0.8517 time 1.80s
Epoch 3/30 16/250 loss: 0.8450 time 1.79s
Epoch 3/30 17/250 loss: 0.8436 time 1.78s
Epoch 3/30 18/250 loss: 0.8463 time 1.78s
Epoch 3/30 19/250 loss: 0.8418 time 1.79s
Epoch 3/30 20/250 loss: 0.8409 time 1.78s
Epoch 3/30 21/250 loss: 0.8446 time 1.78s
Epoch 3/30 22/250 loss: 0.8458 time 1.79s
Epoch 3/30 23/250 loss: 0.8448 time 1.78s
Epoch 3/30 24/250 loss: 0.8468 time 1.77s
Epoch 3/30 25/250 loss: 0.8438 time 1.79s
Epoch 3/30 26/250 loss: 0.8441 time 1.74s
Epoch 3/30 27/250 loss: 0.8468 time 1.76s
Epoch 3/30 28/250 loss: 0.8469 time 1.79s
Epoch 3/30 29/250 loss: 0.8462 time 1.75s
Epoch 3/30 30/250 loss: 0.8479 time 1.80s
Epoch 3/30 31/250 loss: 0.8456 time 1.78s
Epoch 3/30 32/250 loss: 0.8466 time 1.78s
Epoch 3/30 33/250 loss: 0.8481 time 1.77s
Epoch 3/30 34/250 loss: 0.8512 time 1.78s
Epoch 3/30 35/250 loss: 0.8534 time 1.75s
Epoch 3/30 36/250 loss: 0.8538 time 1.78s
Epoch 3/30 37/250 loss: 0.8521 time 1.79s
Epoch 3/30 38/250 loss: 0.8503 time 1.78s
Epoch 3/30 39/250 loss: 0.8493 time 1.78s
Epoch 3/30 40/250 loss: 0.8482 time 1.79s
Epoch 3/30 41/250 loss: 0.8480 time 1.79s
Epoch 3/30 42/250 loss: 0.8488 time 1.78s
Epoch 3/30 43/250 loss: 0.8475 time 1.78s
Epoch 3/30 44/250 loss: 0.8482 time 1.78s
Epoch 3/30 45/250 loss: 0.8510 time 1.78s
Epoch 3/30 46/250 loss: 0.8514 time 1.81s
Epoch 3/30 47/250 loss: 0.8502 time 1.80s
Epoch 3/30 48/250 loss: 0.8507 time 1.78s
Epoch 3/30 49/250 loss: 0.8494 time 1.79s
Epoch 3/30 50/250 loss: 0.8504 time 1.79s
Epoch 3/30 51/250 loss: 0.8498 time 1.79s
Epoch 3/30 52/250 loss: 0.8487 time 1.79s
Epoch 3/30 53/250 loss: 0.8479 time 1.79s
Epoch 3/30 54/250 loss: 0.8473 time 1.80s
Epoch 3/30 55/250 loss: 0.8480 time 1.79s
Epoch 3/30 56/250 loss: 0.8477 time 1.78s
Epoch 3/30 57/250 loss: 0.8477 time 1.74s
Epoch 3/30 58/250 loss: 0.8490 time 1.74s
Epoch 3/30 59/250 loss: 0.8481 time 1.81s
Epoch 3/30 60/250 loss: 0.8475 time 1.79s
Epoch 3/30 61/250 loss: 0.8485 time 1.75s
Epoch 3/30 62/250 loss: 0.8473 time 1.81s
Epoch 3/30 63/250 loss: 0.8484 time 1.80s
Epoch 3/30 64/250 loss: 0.8468 time 1.80s
Epoch 3/30 65/250 loss: 0.8476 time 1.79s
Epoch 3/30 66/250 loss: 0.8488 time 1.75s
Epoch 3/30 67/250 loss: 0.8494 time 1.79s
Epoch 3/30 68/250 loss: 0.8502 time 1.79s
Epoch 3/30 69/250 loss: 0.8491 time 1.79s
Epoch 3/30 70/250 loss: 0.8487 time 1.80s
Epoch 3/30 71/250 loss: 0.8489 time 1.80s
Epoch 3/30 72/250 loss: 0.8491 time 1.79s
Epoch 3/30 73/250 loss: 0.8492 time 1.81s
Epoch 3/30 74/250 loss: 0.8490 time 1.78s
Epoch 3/30 75/250 loss: 0.8494 time 1.79s
Epoch 3/30 76/250 loss: 0.8508 time 1.75s
Epoch 3/30 77/250 loss: 0.8502 time 1.79s
Epoch 3/30 78/250 loss: 0.8509 time 1.75s
Epoch 3/30 79/250 loss: 0.8509 time 1.81s
Epoch 3/30 80/250 loss: 0.8515 time 1.78s
Epoch 3/30 81/250 loss: 0.8520 time 1.75s
Epoch 3/30 82/250 loss: 0.8512 time 1.79s
Epoch 3/30 83/250 loss: 0.8518 time 1.80s
Epoch 3/30 84/250 loss: 0.8522 time 1.79s
Epoch 3/30 85/250 loss: 0.8506 time 1.80s
Epoch 3/30 86/250 loss: 0.8497 time 1.75s
Epoch 3/30 87/250 loss: 0.8489 time 1.79s
Epoch 3/30 88/250 loss: 0.8491 time 1.80s
Epoch 3/30 89/250 loss: 0.8484 time 1.76s
Epoch 3/30 90/250 loss: 0.8494 time 1.80s
Epoch 3/30 91/250 loss: 0.8495 time 1.79s
Epoch 3/30 92/250 loss: 0.8507 time 1.80s
Epoch 3/30 93/250 loss: 0.8507 time 1.80s
Epoch 3/30 94/250 loss: 0.8511 time 1.80s
Epoch 3/30 95/250 loss: 0.8504 time 1.81s
Epoch 3/30 96/250 loss: 0.8495 time 1.80s
Epoch 3/30 97/250 loss: 0.8494 time 1.78s
Epoch 3/30 98/250 loss: 0.8495 time 1.78s
Epoch 3/30 99/250 loss: 0.8490 time 1.80s
Epoch 3/30 100/250 loss: 0.8486 time 1.79s
Epoch 3/30 101/250 loss: 0.8484 time 1.79s
Epoch 3/30 102/250 loss: 0.8489 time 1.79s
Epoch 3/30 103/250 loss: 0.8489 time 1.79s
Epoch 3/30 104/250 loss: 0.8489 time 1.78s
Epoch 3/30 105/250 loss: 0.8490 time 1.76s
Epoch 3/30 106/250 loss: 0.8489 time 1.80s
Epoch 3/30 107/250 loss: 0.8496 time 1.80s
Epoch 3/30 108/250 loss: 0.8507 time 1.81s
Epoch 3/30 109/250 loss: 0.8514 time 1.83s
Epoch 3/30 110/250 loss: 0.8508 time 1.80s
Epoch 3/30 111/250 loss: 0.8508 time 1.79s
Epoch 3/30 112/250 loss: 0.8505 time 1.79s
Epoch 3/30 113/250 loss: 0.8504 time 1.79s
Epoch 3/30 114/250 loss: 0.8506 time 1.79s
Epoch 3/30 115/250 loss: 0.8498 time 1.80s
Epoch 3/30 116/250 loss: 0.8493 time 1.78s
Epoch 3/30 117/250 loss: 0.8488 time 1.80s
Epoch 3/30 118/250 loss: 0.8495 time 1.75s
Epoch 3/30 119/250 loss: 0.8495 time 1.79s
Epoch 3/30 120/250 loss: 0.8496 time 1.80s
Epoch 3/30 121/250 loss: 0.8497 time 1.80s
Epoch 3/30 122/250 loss: 0.8496 time 1.79s
Epoch 3/30 123/250 loss: 0.8490 time 1.79s
Epoch 3/30 124/250 loss: 0.8483 time 1.79s
Epoch 3/30 125/250 loss: 0.8487 time 1.78s
Epoch 3/30 126/250 loss: 0.8493 time 1.79s
Epoch 3/30 127/250 loss: 0.8488 time 1.80s
Epoch 3/30 128/250 loss: 0.8483 time 1.81s
Epoch 3/30 129/250 loss: 0.8475 time 1.80s
Epoch 3/30 130/250 loss: 0.8470 time 1.79s
Epoch 3/30 131/250 loss: 0.8466 time 1.81s
Epoch 3/30 132/250 loss: 0.8460 time 1.80s
Epoch 3/30 133/250 loss: 0.8466 time 1.79s
Epoch 3/30 134/250 loss: 0.8468 time 1.79s
Epoch 3/30 135/250 loss: 0.8463 time 1.82s
Epoch 3/30 136/250 loss: 0.8462 time 1.80s
Epoch 3/30 137/250 loss: 0.8462 time 1.80s
Epoch 3/30 138/250 loss: 0.8462 time 1.80s
Epoch 3/30 139/250 loss: 0.8467 time 1.79s
Epoch 3/30 140/250 loss: 0.8463 time 1.81s
Epoch 3/30 141/250 loss: 0.8473 time 1.76s
Epoch 3/30 142/250 loss: 0.8470 time 1.79s
Epoch 3/30 143/250 loss: 0.8472 time 1.80s
Epoch 3/30 144/250 loss: 0.8465 time 1.78s
Epoch 3/30 145/250 loss: 0.8466 time 1.78s
Epoch 3/30 146/250 loss: 0.8471 time 1.80s
Epoch 3/30 147/250 loss: 0.8472 time 1.77s
Epoch 3/30 148/250 loss: 0.8472 time 1.81s
Epoch 3/30 149/250 loss: 0.8471 time 1.81s
Epoch 3/30 150/250 loss: 0.8475 time 1.78s
Epoch 3/30 151/250 loss: 0.8470 time 1.81s
Epoch 3/30 152/250 loss: 0.8471 time 1.79s
Epoch 3/30 153/250 loss: 0.8470 time 1.80s
Epoch 3/30 154/250 loss: 0.8472 time 1.81s
Epoch 3/30 155/250 loss: 0.8474 time 1.79s
Epoch 3/30 156/250 loss: 0.8474 time 1.81s
Epoch 3/30 157/250 loss: 0.8482 time 1.80s
Epoch 3/30 158/250 loss: 0.8486 time 1.78s
Epoch 3/30 159/250 loss: 0.8491 time 1.80s
Epoch 3/30 160/250 loss: 0.8485 time 1.81s
Epoch 3/30 161/250 loss: 0.8481 time 1.80s
Epoch 3/30 162/250 loss: 0.8475 time 1.81s
Epoch 3/30 163/250 loss: 0.8476 time 1.80s
Epoch 3/30 164/250 loss: 0.8480 time 1.80s
Epoch 3/30 165/250 loss: 0.8483 time 1.79s
Epoch 3/30 166/250 loss: 0.8480 time 1.80s
Epoch 3/30 167/250 loss: 0.8480 time 1.79s
Epoch 3/30 168/250 loss: 0.8483 time 1.79s
Epoch 3/30 169/250 loss: 0.8475 time 1.82s
Epoch 3/30 170/250 loss: 0.8477 time 1.79s
Epoch 3/30 171/250 loss: 0.8477 time 1.80s
Epoch 3/30 172/250 loss: 0.8477 time 1.79s
Epoch 3/30 173/250 loss: 0.8471 time 1.80s
Epoch 3/30 174/250 loss: 0.8464 time 1.80s
Epoch 3/30 175/250 loss: 0.8464 time 1.80s
Epoch 3/30 176/250 loss: 0.8462 time 1.80s
Epoch 3/30 177/250 loss: 0.8461 time 1.80s
Epoch 3/30 178/250 loss: 0.8455 time 1.81s
Epoch 3/30 179/250 loss: 0.8457 time 1.78s
Epoch 3/30 180/250 loss: 0.8459 time 1.81s
Epoch 3/30 181/250 loss: 0.8459 time 1.79s
Epoch 3/30 182/250 loss: 0.8460 time 1.76s
Epoch 3/30 183/250 loss: 0.8459 time 1.85s
Epoch 3/30 184/250 loss: 0.8454 time 1.79s
Epoch 3/30 185/250 loss: 0.8456 time 1.79s
Epoch 3/30 186/250 loss: 0.8453 time 1.79s
Epoch 3/30 187/250 loss: 0.8454 time 1.79s
Epoch 3/30 188/250 loss: 0.8445 time 1.82s
Epoch 3/30 189/250 loss: 0.8446 time 1.80s
Epoch 3/30 190/250 loss: 0.8450 time 1.79s
Epoch 3/30 191/250 loss: 0.8445 time 1.80s
Epoch 3/30 192/250 loss: 0.8438 time 1.81s
Epoch 3/30 193/250 loss: 0.8431 time 1.81s
Epoch 3/30 194/250 loss: 0.8431 time 1.79s
Epoch 3/30 195/250 loss: 0.8431 time 1.78s
Epoch 3/30 196/250 loss: 0.8431 time 1.78s
Epoch 3/30 197/250 loss: 0.8432 time 1.78s
Epoch 3/30 198/250 loss: 0.8428 time 1.80s
Epoch 3/30 199/250 loss: 0.8427 time 1.81s
Epoch 3/30 200/250 loss: 0.8428 time 1.80s
Epoch 3/30 201/250 loss: 0.8426 time 1.80s
Epoch 3/30 202/250 loss: 0.8423 time 1.81s
Epoch 3/30 203/250 loss: 0.8418 time 1.80s
Epoch 3/30 204/250 loss: 0.8422 time 1.80s
Epoch 3/30 205/250 loss: 0.8418 time 1.81s
Epoch 3/30 206/250 loss: 0.8421 time 1.79s
Epoch 3/30 207/250 loss: 0.8420 time 1.80s
Epoch 3/30 208/250 loss: 0.8418 time 1.81s
Epoch 3/30 209/250 loss: 0.8419 time 1.80s
Epoch 3/30 210/250 loss: 0.8421 time 1.81s
Epoch 3/30 211/250 loss: 0.8416 time 1.79s
Epoch 3/30 212/250 loss: 0.8416 time 1.80s
Epoch 3/30 213/250 loss: 0.8417 time 1.79s
Epoch 3/30 214/250 loss: 0.8414 time 1.76s
Epoch 3/30 215/250 loss: 0.8412 time 1.80s
Epoch 3/30 216/250 loss: 0.8408 time 1.78s
Epoch 3/30 217/250 loss: 0.8411 time 1.81s
Epoch 3/30 218/250 loss: 0.8407 time 1.81s
Epoch 3/30 219/250 loss: 0.8405 time 1.80s
Epoch 3/30 220/250 loss: 0.8403 time 1.80s
Epoch 3/30 221/250 loss: 0.8403 time 1.80s
Epoch 3/30 222/250 loss: 0.8397 time 1.78s
Epoch 3/30 223/250 loss: 0.8394 time 1.80s
Epoch 3/30 224/250 loss: 0.8392 time 1.79s
Epoch 3/30 225/250 loss: 0.8395 time 1.79s
Epoch 3/30 226/250 loss: 0.8396 time 1.79s
Epoch 3/30 227/250 loss: 0.8398 time 1.79s
Epoch 3/30 228/250 loss: 0.8396 time 1.80s
Epoch 3/30 229/250 loss: 0.8399 time 1.81s
Epoch 3/30 230/250 loss: 0.8398 time 1.78s
Epoch 3/30 231/250 loss: 0.8395 time 1.80s
Epoch 3/30 232/250 loss: 0.8396 time 1.75s
Epoch 3/30 233/250 loss: 0.8394 time 1.78s
Epoch 3/30 234/250 loss: 0.8397 time 1.79s
Epoch 3/30 235/250 loss: 0.8394 time 1.79s
Epoch 3/30 236/250 loss: 0.8394 time 1.75s
Epoch 3/30 237/250 loss: 0.8392 time 1.79s
Epoch 3/30 238/250 loss: 0.8385 time 1.79s
Epoch 3/30 239/250 loss: 0.8382 time 1.80s
Epoch 3/30 240/250 loss: 0.8382 time 1.80s
Epoch 3/30 241/250 loss: 0.8380 time 1.80s
Epoch 3/30 242/250 loss: 0.8384 time 1.78s
Epoch 3/30 243/250 loss: 0.8387 time 1.79s
Epoch 3/30 244/250 loss: 0.8386 time 1.80s
Epoch 3/30 245/250 loss: 0.8383 time 1.79s
Epoch 3/30 246/250 loss: 0.8378 time 1.82s
Epoch 3/30 247/250 loss: 0.8374 time 1.80s
Epoch 3/30 248/250 loss: 0.8369 time 1.79s
Epoch 3/30 249/250 loss: 0.8368 time 1.78s
Final training  3/29 loss: 0.8368 time 459.05s
0 Sat Jul 22 20:24:30 2023 Epoch: 4
Epoch 4/30 0/250 loss: 0.7560 time 12.05s
Epoch 4/30 1/250 loss: 0.7434 time 1.86s
Epoch 4/30 2/250 loss: 0.7216 time 1.88s
Epoch 4/30 3/250 loss: 0.7579 time 1.87s
Epoch 4/30 4/250 loss: 0.7588 time 1.84s
Epoch 4/30 5/250 loss: 0.7675 time 1.84s
Epoch 4/30 6/250 loss: 0.7633 time 1.78s
Epoch 4/30 7/250 loss: 0.7698 time 1.78s
Epoch 4/30 8/250 loss: 0.7764 time 1.78s
Epoch 4/30 9/250 loss: 0.7818 time 1.77s
Epoch 4/30 10/250 loss: 0.7857 time 1.78s
Epoch 4/30 11/250 loss: 0.7849 time 1.80s
Epoch 4/30 12/250 loss: 0.7901 time 1.78s
Epoch 4/30 13/250 loss: 0.7966 time 1.74s
Epoch 4/30 14/250 loss: 0.7959 time 1.79s
Epoch 4/30 15/250 loss: 0.7958 time 1.78s
Epoch 4/30 16/250 loss: 0.7927 time 1.78s
Epoch 4/30 17/250 loss: 0.8010 time 1.78s
Epoch 4/30 18/250 loss: 0.7960 time 1.79s
Epoch 4/30 19/250 loss: 0.7905 time 1.79s
Epoch 4/30 20/250 loss: 0.7877 time 1.79s
Epoch 4/30 21/250 loss: 0.7855 time 1.78s
Epoch 4/30 22/250 loss: 0.7893 time 1.78s
Epoch 4/30 23/250 loss: 0.7951 time 1.79s
Epoch 4/30 24/250 loss: 0.7975 time 1.81s
Epoch 4/30 25/250 loss: 0.8011 time 1.79s
Epoch 4/30 26/250 loss: 0.8015 time 1.79s
Epoch 4/30 27/250 loss: 0.7990 time 1.79s
Epoch 4/30 28/250 loss: 0.7967 time 1.78s
Epoch 4/30 29/250 loss: 0.8003 time 1.78s
Epoch 4/30 30/250 loss: 0.8001 time 1.80s
Epoch 4/30 31/250 loss: 0.8018 time 1.74s
Epoch 4/30 32/250 loss: 0.8009 time 1.78s
Epoch 4/30 33/250 loss: 0.8011 time 1.79s
Epoch 4/30 34/250 loss: 0.8032 time 1.79s
Epoch 4/30 35/250 loss: 0.8044 time 1.78s
Epoch 4/30 36/250 loss: 0.8049 time 1.79s
Epoch 4/30 37/250 loss: 0.8048 time 1.80s
Epoch 4/30 38/250 loss: 0.8024 time 1.80s
Epoch 4/30 39/250 loss: 0.8015 time 1.79s
Epoch 4/30 40/250 loss: 0.8016 time 1.80s
Epoch 4/30 41/250 loss: 0.8017 time 1.79s
Epoch 4/30 42/250 loss: 0.8023 time 1.79s
Epoch 4/30 43/250 loss: 0.8047 time 1.80s
Epoch 4/30 44/250 loss: 0.8048 time 1.80s
Epoch 4/30 45/250 loss: 0.8036 time 1.79s
Epoch 4/30 46/250 loss: 0.8057 time 1.80s
Epoch 4/30 47/250 loss: 0.8049 time 1.81s
Epoch 4/30 48/250 loss: 0.8059 time 1.80s
Epoch 4/30 49/250 loss: 0.8058 time 1.79s
Epoch 4/30 50/250 loss: 0.8061 time 1.79s
Epoch 4/30 51/250 loss: 0.8069 time 1.80s
Epoch 4/30 52/250 loss: 0.8052 time 1.80s
Epoch 4/30 53/250 loss: 0.8050 time 1.79s
Epoch 4/30 54/250 loss: 0.8054 time 1.78s
Epoch 4/30 55/250 loss: 0.8054 time 1.79s
Epoch 4/30 56/250 loss: 0.8064 time 1.79s
Epoch 4/30 57/250 loss: 0.8068 time 1.79s
Epoch 4/30 58/250 loss: 0.8059 time 1.80s
Epoch 4/30 59/250 loss: 0.8031 time 1.81s
Epoch 4/30 60/250 loss: 0.8021 time 1.79s
Epoch 4/30 61/250 loss: 0.8021 time 1.79s
Epoch 4/30 62/250 loss: 0.8032 time 1.82s
Epoch 4/30 63/250 loss: 0.8039 time 1.79s
Epoch 4/30 64/250 loss: 0.8046 time 1.80s
Epoch 4/30 65/250 loss: 0.8045 time 1.79s
Epoch 4/30 66/250 loss: 0.8036 time 1.79s
Epoch 4/30 67/250 loss: 0.8025 time 1.79s
Epoch 4/30 68/250 loss: 0.8007 time 1.80s
Epoch 4/30 69/250 loss: 0.8002 time 1.79s
Epoch 4/30 70/250 loss: 0.7989 time 1.80s
Epoch 4/30 71/250 loss: 0.7992 time 1.79s
Epoch 4/30 72/250 loss: 0.8004 time 1.79s
Epoch 4/30 73/250 loss: 0.8012 time 1.75s
Epoch 4/30 74/250 loss: 0.8006 time 1.81s
Epoch 4/30 75/250 loss: 0.8003 time 1.80s
Epoch 4/30 76/250 loss: 0.8004 time 1.80s
Epoch 4/30 77/250 loss: 0.7998 time 1.80s
Epoch 4/30 78/250 loss: 0.7988 time 1.80s
Epoch 4/30 79/250 loss: 0.8004 time 1.79s
Epoch 4/30 80/250 loss: 0.8000 time 1.80s
Epoch 4/30 81/250 loss: 0.8015 time 1.75s
Epoch 4/30 82/250 loss: 0.8011 time 1.80s
Epoch 4/30 83/250 loss: 0.8009 time 1.79s
Epoch 4/30 84/250 loss: 0.8002 time 1.79s
Epoch 4/30 85/250 loss: 0.8014 time 1.79s
Epoch 4/30 86/250 loss: 0.8003 time 1.79s
Epoch 4/30 87/250 loss: 0.8015 time 1.78s
Epoch 4/30 88/250 loss: 0.8019 time 1.80s
Epoch 4/30 89/250 loss: 0.8025 time 1.80s
Epoch 4/30 90/250 loss: 0.8030 time 1.79s
Epoch 4/30 91/250 loss: 0.8023 time 1.82s
Epoch 4/30 92/250 loss: 0.8023 time 1.81s
Epoch 4/30 93/250 loss: 0.8027 time 1.81s
Epoch 4/30 94/250 loss: 0.8027 time 1.79s
Epoch 4/30 95/250 loss: 0.8020 time 1.79s
Epoch 4/30 96/250 loss: 0.8029 time 1.79s
Epoch 4/30 97/250 loss: 0.8026 time 1.79s
Epoch 4/30 98/250 loss: 0.8026 time 1.78s
Epoch 4/30 99/250 loss: 0.8024 time 1.79s
Epoch 4/30 100/250 loss: 0.8024 time 1.79s
Epoch 4/30 101/250 loss: 0.8016 time 1.81s
Epoch 4/30 102/250 loss: 0.8028 time 1.74s
Epoch 4/30 103/250 loss: 0.8020 time 1.79s
Epoch 4/30 104/250 loss: 0.8013 time 1.80s
Epoch 4/30 105/250 loss: 0.8017 time 1.76s
Epoch 4/30 106/250 loss: 0.8023 time 1.75s
Epoch 4/30 107/250 loss: 0.8024 time 1.79s
Epoch 4/30 108/250 loss: 0.8023 time 1.80s
Epoch 4/30 109/250 loss: 0.8018 time 1.80s
Epoch 4/30 110/250 loss: 0.8008 time 1.80s
Epoch 4/30 111/250 loss: 0.8012 time 1.79s
Epoch 4/30 112/250 loss: 0.8013 time 1.79s
Epoch 4/30 113/250 loss: 0.8010 time 1.80s
Epoch 4/30 114/250 loss: 0.8009 time 1.80s
Epoch 4/30 115/250 loss: 0.8009 time 1.79s
Epoch 4/30 116/250 loss: 0.8023 time 1.74s
Epoch 4/30 117/250 loss: 0.8026 time 1.81s
Epoch 4/30 118/250 loss: 0.8026 time 1.80s
Epoch 4/30 119/250 loss: 0.8025 time 1.81s
Epoch 4/30 120/250 loss: 0.8035 time 1.78s
Epoch 4/30 121/250 loss: 0.8040 time 1.79s
Epoch 4/30 122/250 loss: 0.8037 time 1.80s
Epoch 4/30 123/250 loss: 0.8039 time 1.81s
Epoch 4/30 124/250 loss: 0.8036 time 1.79s
Epoch 4/30 125/250 loss: 0.8034 time 1.81s
Epoch 4/30 126/250 loss: 0.8034 time 1.79s
Epoch 4/30 127/250 loss: 0.8026 time 1.80s
Epoch 4/30 128/250 loss: 0.8024 time 1.80s
Epoch 4/30 129/250 loss: 0.8030 time 1.79s
Epoch 4/30 130/250 loss: 0.8026 time 1.81s
Epoch 4/30 131/250 loss: 0.8031 time 1.81s
Epoch 4/30 132/250 loss: 0.8023 time 1.79s
Epoch 4/30 133/250 loss: 0.8020 time 1.79s
Epoch 4/30 134/250 loss: 0.8021 time 1.80s
Epoch 4/30 135/250 loss: 0.8017 time 1.79s
Epoch 4/30 136/250 loss: 0.8021 time 1.81s
Epoch 4/30 137/250 loss: 0.8017 time 1.78s
Epoch 4/30 138/250 loss: 0.8015 time 1.80s
Epoch 4/30 139/250 loss: 0.8013 time 1.81s
Epoch 4/30 140/250 loss: 0.8009 time 1.80s
Epoch 4/30 141/250 loss: 0.8009 time 1.81s
Epoch 4/30 142/250 loss: 0.8015 time 1.79s
Epoch 4/30 143/250 loss: 0.8006 time 1.80s
Epoch 4/30 144/250 loss: 0.8000 time 1.79s
Epoch 4/30 145/250 loss: 0.8004 time 1.81s
Epoch 4/30 146/250 loss: 0.8006 time 1.79s
Epoch 4/30 147/250 loss: 0.8007 time 1.75s
Epoch 4/30 148/250 loss: 0.8009 time 1.86s
Epoch 4/30 149/250 loss: 0.8011 time 1.80s
Epoch 4/30 150/250 loss: 0.8012 time 1.80s
Epoch 4/30 151/250 loss: 0.8005 time 1.79s
Epoch 4/30 152/250 loss: 0.8010 time 1.78s
Epoch 4/30 153/250 loss: 0.8011 time 1.80s
Epoch 4/30 154/250 loss: 0.8015 time 1.79s
Epoch 4/30 155/250 loss: 0.8009 time 1.79s
Epoch 4/30 156/250 loss: 0.8013 time 1.81s
Epoch 4/30 157/250 loss: 0.8011 time 1.80s
Epoch 4/30 158/250 loss: 0.8017 time 1.80s
Epoch 4/30 159/250 loss: 0.8015 time 1.79s
Epoch 4/30 160/250 loss: 0.8009 time 1.79s
Epoch 4/30 161/250 loss: 0.8011 time 1.80s
Epoch 4/30 162/250 loss: 0.8013 time 1.79s
Epoch 4/30 163/250 loss: 0.8011 time 1.78s
Epoch 4/30 164/250 loss: 0.8008 time 1.80s
Epoch 4/30 165/250 loss: 0.8005 time 1.74s
Epoch 4/30 166/250 loss: 0.8004 time 1.79s
Epoch 4/30 167/250 loss: 0.7999 time 1.80s
Epoch 4/30 168/250 loss: 0.8000 time 1.82s
Epoch 4/30 169/250 loss: 0.7998 time 1.80s
Epoch 4/30 170/250 loss: 0.7990 time 1.80s
Epoch 4/30 171/250 loss: 0.7996 time 1.78s
Epoch 4/30 172/250 loss: 0.8001 time 1.77s
Epoch 4/30 173/250 loss: 0.7998 time 1.80s
Epoch 4/30 174/250 loss: 0.7999 time 1.76s
Epoch 4/30 175/250 loss: 0.7996 time 1.81s
Epoch 4/30 176/250 loss: 0.7996 time 1.80s
Epoch 4/30 177/250 loss: 0.7994 time 1.79s
Epoch 4/30 178/250 loss: 0.7995 time 1.81s
Epoch 4/30 179/250 loss: 0.7990 time 1.81s
Epoch 4/30 180/250 loss: 0.7986 time 1.82s
Epoch 4/30 181/250 loss: 0.7978 time 1.81s
Epoch 4/30 182/250 loss: 0.7982 time 1.80s
Epoch 4/30 183/250 loss: 0.7985 time 1.80s
Epoch 4/30 184/250 loss: 0.7985 time 1.79s
Epoch 4/30 185/250 loss: 0.7985 time 1.83s
Epoch 4/30 186/250 loss: 0.7977 time 1.83s
Epoch 4/30 187/250 loss: 0.7973 time 1.82s
Epoch 4/30 188/250 loss: 0.7971 time 1.81s
Epoch 4/30 189/250 loss: 0.7973 time 1.77s
Epoch 4/30 190/250 loss: 0.7977 time 1.74s
Epoch 4/30 191/250 loss: 0.7979 time 1.77s
Epoch 4/30 192/250 loss: 0.7977 time 1.81s
Epoch 4/30 193/250 loss: 0.7974 time 1.80s
Epoch 4/30 194/250 loss: 0.7975 time 1.80s
Epoch 4/30 195/250 loss: 0.7969 time 1.79s
Epoch 4/30 196/250 loss: 0.7970 time 1.81s
Epoch 4/30 197/250 loss: 0.7964 time 1.82s
Epoch 4/30 198/250 loss: 0.7963 time 1.80s
Epoch 4/30 199/250 loss: 0.7959 time 1.81s
Epoch 4/30 200/250 loss: 0.7959 time 1.80s
Epoch 4/30 201/250 loss: 0.7958 time 1.81s
Epoch 4/30 202/250 loss: 0.7966 time 1.78s
Epoch 4/30 203/250 loss: 0.7966 time 1.75s
Epoch 4/30 204/250 loss: 0.7964 time 1.80s
Epoch 4/30 205/250 loss: 0.7965 time 1.74s
Epoch 4/30 206/250 loss: 0.7964 time 1.81s
Epoch 4/30 207/250 loss: 0.7959 time 1.82s
Epoch 4/30 208/250 loss: 0.7954 time 1.81s
Epoch 4/30 209/250 loss: 0.7958 time 1.80s
Epoch 4/30 210/250 loss: 0.7954 time 1.81s
Epoch 4/30 211/250 loss: 0.7950 time 1.80s
Epoch 4/30 212/250 loss: 0.7950 time 1.81s
Epoch 4/30 213/250 loss: 0.7950 time 1.81s
Epoch 4/30 214/250 loss: 0.7955 time 1.78s
Epoch 4/30 215/250 loss: 0.7957 time 1.80s
Epoch 4/30 216/250 loss: 0.7953 time 1.81s
Epoch 4/30 217/250 loss: 0.7949 time 1.80s
Epoch 4/30 218/250 loss: 0.7952 time 1.78s
Epoch 4/30 219/250 loss: 0.7955 time 1.79s
Epoch 4/30 220/250 loss: 0.7950 time 1.79s
Epoch 4/30 221/250 loss: 0.7941 time 1.79s
Epoch 4/30 222/250 loss: 0.7939 time 1.79s
Epoch 4/30 223/250 loss: 0.7945 time 1.75s
Epoch 4/30 224/250 loss: 0.7951 time 1.81s
Epoch 4/30 225/250 loss: 0.7950 time 1.79s
Epoch 4/30 226/250 loss: 0.7951 time 1.81s
Epoch 4/30 227/250 loss: 0.7950 time 1.80s
Epoch 4/30 228/250 loss: 0.7947 time 1.80s
Epoch 4/30 229/250 loss: 0.7943 time 1.80s
Epoch 4/30 230/250 loss: 0.7938 time 1.81s
Epoch 4/30 231/250 loss: 0.7940 time 1.81s
Epoch 4/30 232/250 loss: 0.7943 time 1.77s
Epoch 4/30 233/250 loss: 0.7941 time 1.81s
Epoch 4/30 234/250 loss: 0.7943 time 1.80s
Epoch 4/30 235/250 loss: 0.7941 time 1.80s
Epoch 4/30 236/250 loss: 0.7937 time 1.80s
Epoch 4/30 237/250 loss: 0.7937 time 1.79s
Epoch 4/30 238/250 loss: 0.7935 time 1.81s
Epoch 4/30 239/250 loss: 0.7929 time 1.81s
Epoch 4/30 240/250 loss: 0.7933 time 1.80s
Epoch 4/30 241/250 loss: 0.7931 time 1.80s
Epoch 4/30 242/250 loss: 0.7929 time 1.75s
Epoch 4/30 243/250 loss: 0.7928 time 1.80s
Epoch 4/30 244/250 loss: 0.7925 time 1.79s
Epoch 4/30 245/250 loss: 0.7928 time 1.81s
Epoch 4/30 246/250 loss: 0.7927 time 1.81s
Epoch 4/30 247/250 loss: 0.7922 time 1.80s
Epoch 4/30 248/250 loss: 0.7923 time 1.79s
Epoch 4/30 249/250 loss: 0.7926 time 1.80s
Final training  4/29 loss: 0.7926 time 459.26s
/home/guest183/run_swinUNETR_kilimanjaro/SWIN_ENV/lib/python3.9/site-packages/torch/utils/checkpoint.py:31: UserWarning: None of the inputs have requires_grad=True. Gradients will be None
  warnings.warn("None of the inputs have requires_grad=True. Gradients will be None")
/home/guest183/run_swinUNETR_kilimanjaro/SWIN_ENV/lib/python3.9/site-packages/torch/utils/checkpoint.py:31: UserWarning: None of the inputs have requires_grad=True. Gradients will be None
  warnings.warn("None of the inputs have requires_grad=True. Gradients will be None")
/home/guest183/run_swinUNETR_kilimanjaro/SWIN_ENV/lib/python3.9/site-packages/torch/utils/checkpoint.py:31: UserWarning: None of the inputs have requires_grad=True. Gradients will be None
  warnings.warn("None of the inputs have requires_grad=True. Gradients will be None")
/home/guest183/run_swinUNETR_kilimanjaro/SWIN_ENV/lib/python3.9/site-packages/torch/utils/checkpoint.py:31: UserWarning: None of the inputs have requires_grad=True. Gradients will be None
  warnings.warn("None of the inputs have requires_grad=True. Gradients will be None")
Exception in thread Thread-1:
Traceback (most recent call last):
  File "/cvmfs/soft.computecanada.ca/easybuild/software/2020/avx2/Core/python/3.9.6/lib/python3.9/threading.py", line 973, in _bootstrap_inner
    self.run()
  File "/home/guest183/run_swinUNETR_kilimanjaro/SWIN_ENV/lib/python3.9/site-packages/tensorboardX/event_file_writer.py", line 202, in run
    data = self._queue.get(True, queue_wait_duration)
  File "/cvmfs/soft.computecanada.ca/easybuild/software/2020/avx2/Core/python/3.9.6/lib/python3.9/multiprocessing/queues.py", line 117, in get
    res = self._recv_bytes()
  File "/cvmfs/soft.computecanada.ca/easybuild/software/2020/avx2/Core/python/3.9.6/lib/python3.9/multiprocessing/connection.py", line 221, in recv_bytes
    buf = self._recv_bytes(maxlength)
  File "/cvmfs/soft.computecanada.ca/easybuild/software/2020/avx2/Core/python/3.9.6/lib/python3.9/multiprocessing/connection.py", line 419, in _recv_bytes
    buf = self._recv(4)
  File "/cvmfs/soft.computecanada.ca/easybuild/software/2020/avx2/Core/python/3.9.6/lib/python3.9/multiprocessing/connection.py", line 388, in _recv
    raise EOFError
EOFError
Traceback (most recent call last):
  File "/home/guest183/research-contributions/SwinUNETR/BRATS21/main.py", line 237, in <module>
    main()
  File "/home/guest183/research-contributions/SwinUNETR/BRATS21/main.py", line 105, in main
    mp.spawn(main_worker, nprocs=args.ngpus_per_node, args=(args,))
  File "/home/guest183/run_swinUNETR_kilimanjaro/SWIN_ENV/lib/python3.9/site-packages/torch/multiprocessing/spawn.py", line 240, in spawn
    return start_processes(fn, args, nprocs, join, daemon, start_method='spawn')
  File "/home/guest183/run_swinUNETR_kilimanjaro/SWIN_ENV/lib/python3.9/site-packages/torch/multiprocessing/spawn.py", line 198, in start_processes
    while not context.join():
  File "/home/guest183/run_swinUNETR_kilimanjaro/SWIN_ENV/lib/python3.9/site-packages/torch/multiprocessing/spawn.py", line 160, in join
    raise ProcessRaisedException(msg, error_index, failed_process.pid)
torch.multiprocessing.spawn.ProcessRaisedException: 

-- Process 3 terminated with the following error:
Traceback (most recent call last):
  File "/home/guest183/run_swinUNETR_kilimanjaro/SWIN_ENV/lib/python3.9/site-packages/torch/multiprocessing/spawn.py", line 69, in _wrap
    fn(i, *args)
  File "/home/guest183/research-contributions/SwinUNETR/BRATS21/main.py", line 218, in main_worker
    accuracy = run_training(
  File "/home/guest183/research-contributions/SwinUNETR/BRATS21/trainer.py", line 173, in run_training
    val_acc = val_epoch(
  File "/home/guest183/research-contributions/SwinUNETR/BRATS21/trainer.py", line 79, in val_epoch
    logits = model_inferer(data)
  File "/home/guest183/run_swinUNETR_kilimanjaro/SWIN_ENV/lib/python3.9/site-packages/monai/inferers/utils.py", line 185, in sliding_window_inference
    seg_prob_out = predictor(window_data, *args, **kwargs)  # batched patch segmentation
  File "/home/guest183/run_swinUNETR_kilimanjaro/SWIN_ENV/lib/python3.9/site-packages/torch/nn/modules/module.py", line 1194, in _call_impl
    return forward_call(*input, **kwargs)
  File "/home/guest183/run_swinUNETR_kilimanjaro/SWIN_ENV/lib/python3.9/site-packages/monai/networks/nets/swin_unetr.py", line 297, in forward
    hidden_states_out = self.swinViT(x_in, self.normalize)
  File "/home/guest183/run_swinUNETR_kilimanjaro/SWIN_ENV/lib/python3.9/site-packages/torch/nn/modules/module.py", line 1194, in _call_impl
    return forward_call(*input, **kwargs)
  File "/home/guest183/run_swinUNETR_kilimanjaro/SWIN_ENV/lib/python3.9/site-packages/monai/networks/nets/swin_unetr.py", line 1011, in forward
    x1 = self.layers1[0](x0.contiguous())
  File "/home/guest183/run_swinUNETR_kilimanjaro/SWIN_ENV/lib/python3.9/site-packages/torch/nn/modules/module.py", line 1194, in _call_impl
    return forward_call(*input, **kwargs)
  File "/home/guest183/run_swinUNETR_kilimanjaro/SWIN_ENV/lib/python3.9/site-packages/monai/networks/nets/swin_unetr.py", line 876, in forward
    x = blk(x, attn_mask)
  File "/home/guest183/run_swinUNETR_kilimanjaro/SWIN_ENV/lib/python3.9/site-packages/torch/nn/modules/module.py", line 1194, in _call_impl
    return forward_call(*input, **kwargs)
  File "/home/guest183/run_swinUNETR_kilimanjaro/SWIN_ENV/lib/python3.9/site-packages/monai/networks/nets/swin_unetr.py", line 668, in forward
    x = checkpoint.checkpoint(self.forward_part1, x, mask_matrix)
  File "/home/guest183/run_swinUNETR_kilimanjaro/SWIN_ENV/lib/python3.9/site-packages/torch/utils/checkpoint.py", line 249, in checkpoint
    return CheckpointFunction.apply(function, preserve, *args)
  File "/home/guest183/run_swinUNETR_kilimanjaro/SWIN_ENV/lib/python3.9/site-packages/torch/utils/checkpoint.py", line 107, in forward
    outputs = run_function(*args)
  File "/home/guest183/run_swinUNETR_kilimanjaro/SWIN_ENV/lib/python3.9/site-packages/monai/networks/nets/swin_unetr.py", line 608, in forward_part1
    attn_windows = self.attn(x_windows, mask=attn_mask)
  File "/home/guest183/run_swinUNETR_kilimanjaro/SWIN_ENV/lib/python3.9/site-packages/torch/nn/modules/module.py", line 1194, in _call_impl
    return forward_call(*input, **kwargs)
  File "/home/guest183/run_swinUNETR_kilimanjaro/SWIN_ENV/lib/python3.9/site-packages/monai/networks/nets/swin_unetr.py", line 504, in forward
    attn = self.softmax(attn)
  File "/home/guest183/run_swinUNETR_kilimanjaro/SWIN_ENV/lib/python3.9/site-packages/torch/nn/modules/module.py", line 1194, in _call_impl
    return forward_call(*input, **kwargs)
  File "/home/guest183/run_swinUNETR_kilimanjaro/SWIN_ENV/lib/python3.9/site-packages/torch/nn/modules/activation.py", line 1390, in forward
    return F.softmax(input, self.dim, _stacklevel=5)
  File "/home/guest183/run_swinUNETR_kilimanjaro/SWIN_ENV/lib/python3.9/site-packages/torch/nn/functional.py", line 1841, in softmax
    ret = input.softmax(dim)
torch.cuda.OutOfMemoryError: CUDA out of memory. Tried to allocate 5.26 GiB (GPU 3; 14.58 GiB total capacity; 8.32 GiB already allocated; 4.20 GiB free; 9.33 GiB reserved in total by PyTorch) If reserved memory is >> allocated memory try setting max_split_size_mb to avoid fragmentation.  See documentation for Memory Management and PYTORCH_CUDA_ALLOC_CONF

